<?xml version="1.0" encoding="UTF-8"?>
<!-- Generated by org.testng.reporters.JUnitReportReporter -->
<testsuite hostname="Anish-VICTUS" failures="0" tests="1" name="TestCases.TestCase8" time="14.871" errors="0" timestamp="2024-12-12T19:12:38 IST" skipped="0">
  <testcase classname="TestCases.TestCase8" name="script8" time="14.871"/>
</testsuite> <!-- TestCases.TestCase8 -->
